\BOOKMARK [1][-]{section.1}{\376\377\000I\000n\000t\000r\000o\000d\000u\000c\000t\000i\000o\000n}{}% 1
\BOOKMARK [1][-]{section.2}{\376\377\000M\000e\000t\000h\000o\000d}{}% 2
\BOOKMARK [2][-]{subsection.2.1}{\376\377\000F\000o\000r\000m\000a\000l\000\040\000F\000r\000a\000m\000i\000n\000g}{section.2}% 3
\BOOKMARK [1][-]{section.3}{\376\377\000E\000x\000p\000e\000r\000i\000m\000e\000n\000t\000s}{}% 4
\BOOKMARK [1][-]{section.4}{\376\377\000R\000e\000s\000u\000l\000t\000s}{}% 5
\BOOKMARK [2][-]{subsection.4.1}{\376\377\000S\000i\000n\000g\000l\000e\000\040\000P\000a\000s\000s\000\040\000v\000s\000.\000\040\000I\000t\000e\000r\000a\000t\000i\000o\000n}{section.4}% 6
\BOOKMARK [2][-]{subsection.4.2}{\376\377\000Q\000u\000a\000l\000i\000t\000a\000t\000i\000v\000e\000\040\000I\000m\000p\000r\000o\000v\000e\000m\000e\000n\000t}{section.4}% 7
\BOOKMARK [2][-]{subsection.4.3}{\376\377\000C\000o\000n\000v\000e\000r\000g\000e\000n\000c\000e\000\040\000a\000n\000d\000\040\000T\000r\000a\000j\000e\000c\000t\000o\000r\000y}{section.4}% 8
\BOOKMARK [2][-]{subsection.4.4}{\376\377\000C\000h\000a\000i\000n\000-\000o\000f\000-\000T\000h\000o\000u\000g\000h\000t\000\040\000J\000u\000d\000g\000e\000s}{section.4}% 9
\BOOKMARK [2][-]{subsection.4.5}{\376\377\000R\000o\000b\000u\000s\000t\000n\000e\000s\000s}{section.4}% 10
\BOOKMARK [1][-]{section.5}{\376\377\000M\000o\000d\000e\000l\000\040\000S\000c\000a\000l\000i\000n\000g}{}% 11
\BOOKMARK [2][-]{subsection.5.1}{\376\377\000R\000o\000u\000n\000d\000\040\0001\000:\000\040\000C\000o\000n\000v\000e\000r\000g\000e\000n\000c\000e\000\040\000R\000e\000m\000e\000d\000i\000e\000s}{section.5}% 12
\BOOKMARK [2][-]{subsection.5.2}{\376\377\000R\000o\000u\000n\000d\000\040\0002\000:\000\040\000R\000o\000o\000t\000\040\000C\000a\000u\000s\000e}{section.5}% 13
\BOOKMARK [1][-]{section.6}{\376\377\000W\000r\000i\000t\000i\000n\000g\000\040\000T\000h\000i\000s\000\040\000P\000a\000p\000e\000r}{}% 14
\BOOKMARK [1][-]{section.7}{\376\377\000R\000e\000l\000a\000t\000e\000d\000\040\000W\000o\000r\000k}{}% 15
\BOOKMARK [1][-]{section.8}{\376\377\000D\000i\000s\000c\000u\000s\000s\000i\000o\000n}{}% 16
\BOOKMARK [1][-]{section.9}{\376\377\000C\000o\000n\000c\000l\000u\000s\000i\000o\000n}{}% 17
\BOOKMARK [1][-]{appendix.A}{\376\377\000P\000r\000o\000m\000p\000t\000s}{}% 18
\BOOKMARK [2][-]{subsection.A.1}{\376\377\000C\000r\000i\000t\000i\000c}{appendix.A}% 19
\BOOKMARK [2][-]{subsection.A.2}{\376\377\000A\000u\000t\000h\000o\000r\000\040\000B}{appendix.A}% 20
\BOOKMARK [2][-]{subsection.A.3}{\376\377\000S\000y\000n\000t\000h\000e\000s\000i\000z\000e\000r}{appendix.A}% 21
\BOOKMARK [2][-]{subsection.A.4}{\376\377\000J\000u\000d\000g\000e\000\040\000\050\000B\000a\000s\000e\000l\000i\000n\000e\000\051}{appendix.A}% 22
\BOOKMARK [2][-]{subsection.A.5}{\376\377\000J\000u\000d\000g\000e\000\040\000\050\000C\000h\000a\000i\000n\000-\000o\000f\000-\000T\000h\000o\000u\000g\000h\000t\000\051}{appendix.A}% 23
\BOOKMARK [1][-]{appendix.B}{\376\377\000T\000r\000a\000j\000e\000c\000t\000o\000r\000y\000\040\000T\000r\000e\000e\000s}{}% 24
